mode: count
github.com/tamada/gibo-wrapper/utils/fmt.go:9.77,11.25 2 4
github.com/tamada/gibo-wrapper/utils/fmt.go:11.25,12.25 1 9
github.com/tamada/gibo-wrapper/utils/fmt.go:12.25,14.4 1 5
github.com/tamada/gibo-wrapper/utils/fmt.go:29.2,30.21 2 4
github.com/tamada/gibo-wrapper/utils/fmt.go:30.21,32.3 1 2
github.com/tamada/gibo-wrapper/utils/fmt.go:33.2,33.30 1 4
github.com/tamada/gibo-wrapper/utils/fmt.go:36.55,39.25 3 0
github.com/tamada/gibo-wrapper/utils/fmt.go:39.25,41.57 2 0
github.com/tamada/gibo-wrapper/utils/fmt.go:41.57,43.4 1 0
github.com/tamada/gibo-wrapper/utils/fmt.go:43.9,45.4 1 0
github.com/tamada/gibo-wrapper/cmd/dummy_list.go:5.13,7.2 1 1
github.com/tamada/gibo-wrapper/cmd/dummy_list.go:12.54,14.3 1 0
github.com/tamada/gibo-wrapper/cmd/dummy_root.go:5.13,7.2 1 1
github.com/tamada/gibo-wrapper/cmd/dummy_root.go:12.54,14.3 1 0
github.com/tamada/gibo-wrapper/cmd/dummy_search.go:5.13,7.2 1 1
github.com/tamada/gibo-wrapper/cmd/dummy_search.go:12.54,14.3 1 0
github.com/tamada/gibo-wrapper/cmd/dummy_update.go:5.13,7.2 1 1
github.com/tamada/gibo-wrapper/cmd/dummy_update.go:12.54,14.3 1 0
github.com/tamada/gibo-wrapper/cmd/dump.go:15.13,19.2 3 1
github.com/tamada/gibo-wrapper/cmd/dump.go:25.54,29.17 4 0
github.com/tamada/gibo-wrapper/cmd/dump.go:29.17,31.4 1 0
github.com/tamada/gibo-wrapper/cmd/dump.go:32.3,32.74 1 0
github.com/tamada/gibo-wrapper/cmd/dump.go:36.80,38.22 2 3
github.com/tamada/gibo-wrapper/cmd/dump.go:38.22,40.17 2 1
github.com/tamada/gibo-wrapper/cmd/dump.go:40.17,42.4 1 0
github.com/tamada/gibo-wrapper/cmd/dump.go:43.3,43.62 1 1
github.com/tamada/gibo-wrapper/cmd/dump.go:45.2,45.22 1 3
github.com/tamada/gibo-wrapper/cmd/dump.go:45.22,47.3 1 0
github.com/tamada/gibo-wrapper/cmd/dump.go:48.2,50.16 3 3
github.com/tamada/gibo-wrapper/cmd/dump.go:50.16,52.3 1 0
github.com/tamada/gibo-wrapper/cmd/dump.go:53.2,53.21 1 3
github.com/tamada/gibo-wrapper/cmd/dump.go:56.82,58.33 2 3
github.com/tamada/gibo-wrapper/cmd/dump.go:58.33,60.3 1 1
github.com/tamada/gibo-wrapper/cmd/dump.go:61.2,62.29 2 2
github.com/tamada/gibo-wrapper/cmd/dump.go:62.29,63.31 1 6
github.com/tamada/gibo-wrapper/cmd/dump.go:63.31,65.4 1 5
github.com/tamada/gibo-wrapper/cmd/dump.go:67.2,67.16 1 2
github.com/tamada/gibo-wrapper/cmd/dump.go:70.49,71.26 1 6
github.com/tamada/gibo-wrapper/cmd/dump.go:71.26,72.33 1 6
github.com/tamada/gibo-wrapper/cmd/dump.go:72.33,74.4 1 1
github.com/tamada/gibo-wrapper/cmd/dump.go:76.2,76.14 1 5
github.com/tamada/gibo-wrapper/cmd/dump.go:79.45,81.16 2 3
github.com/tamada/gibo-wrapper/cmd/dump.go:81.16,83.3 1 0
github.com/tamada/gibo-wrapper/cmd/dump.go:84.2,84.22 1 3
github.com/tamada/gibo-wrapper/cmd/dump.go:84.22,86.17 2 0
github.com/tamada/gibo-wrapper/cmd/dump.go:86.17,88.4 1 0
github.com/tamada/gibo-wrapper/cmd/dump.go:90.2,90.12 1 3
github.com/tamada/gibo-wrapper/cmd/dump.go:93.53,95.16 2 0
github.com/tamada/gibo-wrapper/cmd/dump.go:95.16,97.3 1 0
github.com/tamada/gibo-wrapper/cmd/dump.go:98.2,101.6 4 0
github.com/tamada/gibo-wrapper/cmd/dump.go:101.6,104.20 3 0
github.com/tamada/gibo-wrapper/cmd/dump.go:104.20,105.9 1 0
github.com/tamada/gibo-wrapper/cmd/dump.go:107.3,107.37 1 0
github.com/tamada/gibo-wrapper/cmd/dump.go:107.37,108.9 1 0
github.com/tamada/gibo-wrapper/cmd/dump.go:110.3,110.27 1 0
github.com/tamada/gibo-wrapper/cmd/dump.go:112.2,112.12 1 0
github.com/tamada/gibo-wrapper/cmd/dump.go:115.62,117.27 2 5
github.com/tamada/gibo-wrapper/cmd/dump.go:117.27,118.34 1 15
github.com/tamada/gibo-wrapper/cmd/dump.go:118.34,120.4 1 1
github.com/tamada/gibo-wrapper/cmd/dump.go:120.9,120.41 1 14
github.com/tamada/gibo-wrapper/cmd/dump.go:120.41,122.4 1 2
github.com/tamada/gibo-wrapper/cmd/dump.go:122.9,124.4 1 12
github.com/tamada/gibo-wrapper/cmd/dump.go:126.2,126.35 1 5
github.com/tamada/gibo-wrapper/cmd/dump.go:129.62,131.26 2 0
github.com/tamada/gibo-wrapper/cmd/dump.go:131.26,132.16 1 0
github.com/tamada/gibo-wrapper/cmd/dump.go:132.16,134.4 1 0
github.com/tamada/gibo-wrapper/cmd/dump.go:136.2,136.16 1 0
github.com/tamada/gibo-wrapper/cmd/dump.go:139.90,140.32 1 0
github.com/tamada/gibo-wrapper/cmd/dump.go:140.32,142.3 1 0
github.com/tamada/gibo-wrapper/cmd/dump.go:143.2,143.25 1 0
github.com/tamada/gibo-wrapper/cmd/init.go:13.13,15.2 1 1
github.com/tamada/gibo-wrapper/cmd/init.go:23.54,24.20 1 0
github.com/tamada/gibo-wrapper/cmd/init.go:24.20,26.3 1 0
github.com/tamada/gibo-wrapper/cmd/init.go:27.2,28.36 2 0
github.com/tamada/gibo-wrapper/cmd/init.go:29.49,30.38 1 0
github.com/tamada/gibo-wrapper/cmd/init.go:31.10,32.57 1 0
github.com/tamada/gibo-wrapper/cmd/init.go:36.63,38.16 2 0
github.com/tamada/gibo-wrapper/cmd/init.go:38.16,40.3 1 0
github.com/tamada/gibo-wrapper/cmd/init.go:41.2,43.12 3 0
github.com/tamada/gibo-wrapper/cmd/init.go:46.79,48.19 2 0
github.com/tamada/gibo-wrapper/cmd/init.go:49.20,50.70 1 0
github.com/tamada/gibo-wrapper/cmd/init.go:50.70,52.4 1 0
github.com/tamada/gibo-wrapper/cmd/init.go:53.3,57.5 1 0
github.com/tamada/gibo-wrapper/cmd/init.go:58.13,61.61 3 0
github.com/tamada/gibo-wrapper/cmd/init.go:61.61,63.4 1 0
github.com/tamada/gibo-wrapper/cmd/init.go:64.14,65.68 1 0
github.com/tamada/gibo-wrapper/cmd/init.go:65.68,67.4 1 0
github.com/tamada/gibo-wrapper/cmd/init.go:68.3,68.100 1 0
github.com/tamada/gibo-wrapper/cmd/init.go:69.20,70.76 1 0
github.com/tamada/gibo-wrapper/cmd/init.go:70.76,72.4 1 0
github.com/tamada/gibo-wrapper/cmd/init.go:73.3,73.118 1 0
github.com/tamada/gibo-wrapper/cmd/init.go:75.2,75.29 1 0
github.com/tamada/gibo-wrapper/cmd/list-ignore.go:19.13,21.2 1 1
github.com/tamada/gibo-wrapper/cmd/list-ignore.go:26.47,28.17 2 0
github.com/tamada/gibo-wrapper/cmd/list-ignore.go:28.17,30.4 1 0
github.com/tamada/gibo-wrapper/cmd/list-ignore.go:31.3,31.43 1 0
github.com/tamada/gibo-wrapper/cmd/list-ignore.go:31.43,33.18 2 0
github.com/tamada/gibo-wrapper/cmd/list-ignore.go:33.18,36.5 2 0
github.com/tamada/gibo-wrapper/cmd/list-ignore.go:38.3,38.27 1 0
github.com/tamada/gibo-wrapper/cmd/list-ignore.go:38.27,40.4 1 0
github.com/tamada/gibo-wrapper/cmd/list-ignore.go:44.66,45.20 1 1
github.com/tamada/gibo-wrapper/cmd/list-ignore.go:45.20,47.3 1 0
github.com/tamada/gibo-wrapper/cmd/list-ignore.go:49.2,50.85 2 1
github.com/tamada/gibo-wrapper/cmd/list-ignore.go:50.85,52.3 1 1
github.com/tamada/gibo-wrapper/cmd/list-ignore.go:53.2,53.55 1 1
github.com/tamada/gibo-wrapper/cmd/list-ignore.go:56.36,58.16 2 1
github.com/tamada/gibo-wrapper/cmd/list-ignore.go:58.16,60.3 1 0
github.com/tamada/gibo-wrapper/cmd/list-ignore.go:61.2,61.36 1 1
github.com/tamada/gibo-wrapper/cmd/list-ignore.go:64.35,67.2 2 3
github.com/tamada/gibo-wrapper/cmd/list-ignore.go:69.78,70.28 1 3
github.com/tamada/gibo-wrapper/cmd/list-ignore.go:70.28,72.3 1 1
github.com/tamada/gibo-wrapper/cmd/list-ignore.go:73.2,74.16 2 2
github.com/tamada/gibo-wrapper/cmd/list-ignore.go:74.16,76.3 1 0
github.com/tamada/gibo-wrapper/cmd/list-ignore.go:77.2,81.6 4 2
github.com/tamada/gibo-wrapper/cmd/list-ignore.go:81.6,84.20 3 146
github.com/tamada/gibo-wrapper/cmd/list-ignore.go:84.20,85.9 1 2
github.com/tamada/gibo-wrapper/cmd/list-ignore.go:87.3,87.17 1 144
github.com/tamada/gibo-wrapper/cmd/list-ignore.go:87.17,89.4 1 0
github.com/tamada/gibo-wrapper/cmd/list-ignore.go:91.2,91.21 1 2
github.com/tamada/gibo-wrapper/cmd/list-ignore.go:94.76,95.29 1 146
github.com/tamada/gibo-wrapper/cmd/list-ignore.go:95.29,97.3 1 6
github.com/tamada/gibo-wrapper/cmd/list-ignore.go:98.2,98.16 1 146
github.com/tamada/gibo-wrapper/cmd/list-ignore.go:101.49,104.2 2 6
github.com/tamada/gibo-wrapper/cmd/list-ignore.go:106.42,108.2 1 146
github.com/tamada/gibo-wrapper/cmd/version.go:7.13,9.2 1 1
github.com/tamada/gibo-wrapper/cmd/version.go:14.54,17.3 2 0
github.com/tamada/gibo-wrapper/cmd/wrapper.go:26.54,28.3 1 0
github.com/tamada/gibo-wrapper/cmd/wrapper.go:31.62,37.2 5 0
github.com/tamada/gibo-wrapper/cmd/wrapper.go:39.22,43.2 3 0
